2025-01-09 17:26:22 [main] DEBUG commonUtilities.ExtentReportManager -
					onStart called for test suite: AppTest
2025-01-09 17:26:22 [main] DEBUG commonUtilities.ExtentReportManager -
					ExtentReport setup completed for: Test-report2025_01_09.html
2025-01-09 17:26:24 [TestNG-test-AppTest-1] DEBUG commonUtilities.ExtentReportManager -
					onTestSkipped called for: ChangeSettingFlow
2025-01-09 17:26:24 [TestNG-test-AppTest-1] INFO  commonUtilities.ExtentReportManager -
					Test ChangeSettingFlow skipped with exception: Could not start a new session. Possible causes are invalid address of the remote server or browser start-up failure. 
Host info: host: 'Mohds-MacBook-Air.local', ip: '2405:201:6002:b121:254e:304:1e5c:af04%en0'
Build info: version: '4.26.0', revision: '8ccf0219d7'
System info: os.name: 'Mac OS X', os.arch: 'x86_64', os.version: '14.5', java.version: '17.0.13'
Driver info: io.appium.java_client.android.AndroidDriver
Command: [null, newSession {capabilities=[Capabilities {appium:app: Desktop/automation-framewor..., appium:automationName: UiAutomator2, appium:deviceName: emulator-5554, platformName: ANDROID}]}]
Capabilities {appium:app: Desktop/automation-framewor..., appium:automationName: UiAutomator2, appium:deviceName: emulator-5554, platformName: ANDROID}
2025-01-09 17:26:24 [TestNG-test-AppTest-1] DEBUG commonUtilities.ExtentReportManager -
					onTestSkipped called for: SearchFlow
2025-01-09 17:26:24 [TestNG-test-AppTest-1] INFO  commonUtilities.ExtentReportManager -
					Test SearchFlow skipped with exception: Could not start a new session. Possible causes are invalid address of the remote server or browser start-up failure. 
Host info: host: 'Mohds-MacBook-Air.local', ip: '2405:201:6002:b121:254e:304:1e5c:af04%en0'
Build info: version: '4.26.0', revision: '8ccf0219d7'
System info: os.name: 'Mac OS X', os.arch: 'x86_64', os.version: '14.5', java.version: '17.0.13'
Driver info: io.appium.java_client.android.AndroidDriver
Command: [null, newSession {capabilities=[Capabilities {appium:app: Desktop/automation-framewor..., appium:automationName: UiAutomator2, appium:deviceName: emulator-5554, platformName: ANDROID}]}]
Capabilities {appium:app: Desktop/automation-framewor..., appium:automationName: UiAutomator2, appium:deviceName: emulator-5554, platformName: ANDROID}
2025-01-09 17:26:24 [TestNG-test-AppTest-1] DEBUG commonUtilities.ExtentReportManager -
					onTestSkipped called for: TestAppFlow
2025-01-09 17:26:24 [TestNG-test-AppTest-1] INFO  commonUtilities.ExtentReportManager -
					Test TestAppFlow skipped with exception: Could not start a new session. Possible causes are invalid address of the remote server or browser start-up failure. 
Host info: host: 'Mohds-MacBook-Air.local', ip: '2405:201:6002:b121:254e:304:1e5c:af04%en0'
Build info: version: '4.26.0', revision: '8ccf0219d7'
System info: os.name: 'Mac OS X', os.arch: 'x86_64', os.version: '14.5', java.version: '17.0.13'
Driver info: io.appium.java_client.android.AndroidDriver
Command: [null, newSession {capabilities=[Capabilities {appium:app: Desktop/automation-framewor..., appium:automationName: UiAutomator2, appium:deviceName: emulator-5554, platformName: ANDROID}]}]
Capabilities {appium:app: Desktop/automation-framewor..., appium:automationName: UiAutomator2, appium:deviceName: emulator-5554, platformName: ANDROID}
2025-01-09 17:26:24 [main] DEBUG commonUtilities.ExtentReportManager -
					onFinish called for test suite: AppTest
2025-01-09 17:28:05 [main] DEBUG commonUtilities.ExtentReportManager -
					onStart called for test suite: AppTest
2025-01-09 17:28:05 [main] DEBUG commonUtilities.ExtentReportManager -
					ExtentReport setup completed for: Test-report2025_01_09.html
2025-01-09 17:28:07 [TestNG-test-AppTest-1] DEBUG commonUtilities.ExtentReportManager -
					onTestSkipped called for: ChangeSettingFlow
2025-01-09 17:28:07 [TestNG-test-AppTest-1] INFO  commonUtilities.ExtentReportManager -
					Test ChangeSettingFlow skipped with exception: Could not start a new session. Response code 500. Message: An unknown server-side error occurred while processing the command. Original error: The application at 'Desktop/automation-framework/src/main/resources/apps/WikipediaSample.apk' does not exist or is not accessible 
Host info: host: 'Mohds-MacBook-Air.local', ip: '2405:201:6002:b121:254e:304:1e5c:af04%en0'
Build info: version: '4.26.0', revision: '8ccf0219d7'
System info: os.name: 'Mac OS X', os.arch: 'x86_64', os.version: '14.5', java.version: '17.0.13'
Driver info: io.appium.java_client.android.AndroidDriver
Command: [null, newSession {capabilities=[Capabilities {appium:app: Desktop/automation-framewor..., appium:automationName: UiAutomator2, appium:deviceName: emulator-5554, platformName: ANDROID}]}]
Capabilities {appium:app: Desktop/automation-framewor..., appium:automationName: UiAutomator2, appium:deviceName: emulator-5554, platformName: ANDROID}
2025-01-09 17:28:07 [TestNG-test-AppTest-1] DEBUG commonUtilities.ExtentReportManager -
					onTestSkipped called for: SearchFlow
2025-01-09 17:28:07 [TestNG-test-AppTest-1] INFO  commonUtilities.ExtentReportManager -
					Test SearchFlow skipped with exception: Could not start a new session. Response code 500. Message: An unknown server-side error occurred while processing the command. Original error: The application at 'Desktop/automation-framework/src/main/resources/apps/WikipediaSample.apk' does not exist or is not accessible 
Host info: host: 'Mohds-MacBook-Air.local', ip: '2405:201:6002:b121:254e:304:1e5c:af04%en0'
Build info: version: '4.26.0', revision: '8ccf0219d7'
System info: os.name: 'Mac OS X', os.arch: 'x86_64', os.version: '14.5', java.version: '17.0.13'
Driver info: io.appium.java_client.android.AndroidDriver
Command: [null, newSession {capabilities=[Capabilities {appium:app: Desktop/automation-framewor..., appium:automationName: UiAutomator2, appium:deviceName: emulator-5554, platformName: ANDROID}]}]
Capabilities {appium:app: Desktop/automation-framewor..., appium:automationName: UiAutomator2, appium:deviceName: emulator-5554, platformName: ANDROID}
2025-01-09 17:28:07 [TestNG-test-AppTest-1] DEBUG commonUtilities.ExtentReportManager -
					onTestSkipped called for: TestAppFlow
2025-01-09 17:28:07 [TestNG-test-AppTest-1] INFO  commonUtilities.ExtentReportManager -
					Test TestAppFlow skipped with exception: Could not start a new session. Response code 500. Message: An unknown server-side error occurred while processing the command. Original error: The application at 'Desktop/automation-framework/src/main/resources/apps/WikipediaSample.apk' does not exist or is not accessible 
Host info: host: 'Mohds-MacBook-Air.local', ip: '2405:201:6002:b121:254e:304:1e5c:af04%en0'
Build info: version: '4.26.0', revision: '8ccf0219d7'
System info: os.name: 'Mac OS X', os.arch: 'x86_64', os.version: '14.5', java.version: '17.0.13'
Driver info: io.appium.java_client.android.AndroidDriver
Command: [null, newSession {capabilities=[Capabilities {appium:app: Desktop/automation-framewor..., appium:automationName: UiAutomator2, appium:deviceName: emulator-5554, platformName: ANDROID}]}]
Capabilities {appium:app: Desktop/automation-framewor..., appium:automationName: UiAutomator2, appium:deviceName: emulator-5554, platformName: ANDROID}
2025-01-09 17:28:08 [main] DEBUG commonUtilities.ExtentReportManager -
					onFinish called for test suite: AppTest
2025-01-09 17:29:09 [main] DEBUG commonUtilities.ExtentReportManager -
					onStart called for test suite: AppTest
2025-01-09 17:29:10 [main] DEBUG commonUtilities.ExtentReportManager -
					ExtentReport setup completed for: Test-report2025_01_09.html
2025-01-09 17:29:11 [TestNG-test-AppTest-1] DEBUG commonUtilities.ExtentReportManager -
					onTestSkipped called for: ChangeSettingFlow
2025-01-09 17:29:11 [TestNG-test-AppTest-1] INFO  commonUtilities.ExtentReportManager -
					Test ChangeSettingFlow skipped with exception: Could not start a new session. Response code 500. Message: An unknown server-side error occurred while processing the command. Original error: The application at 'Desktop/automation-framework/src/main/resources/apps/WikipediaSample.apk' does not exist or is not accessible 
Host info: host: 'Mohds-MacBook-Air.local', ip: '2405:201:6002:b121:254e:304:1e5c:af04%en0'
Build info: version: '4.26.0', revision: '8ccf0219d7'
System info: os.name: 'Mac OS X', os.arch: 'x86_64', os.version: '14.5', java.version: '17.0.13'
Driver info: io.appium.java_client.android.AndroidDriver
Command: [null, newSession {capabilities=[Capabilities {appium:app: Desktop/automation-framewor..., appium:automationName: UiAutomator2, appium:deviceName: emulator-5554, platformName: ANDROID}]}]
Capabilities {appium:app: Desktop/automation-framewor..., appium:automationName: UiAutomator2, appium:deviceName: emulator-5554, platformName: ANDROID}
2025-01-09 17:29:11 [TestNG-test-AppTest-1] DEBUG commonUtilities.ExtentReportManager -
					onTestSkipped called for: SearchFlow
2025-01-09 17:29:11 [TestNG-test-AppTest-1] INFO  commonUtilities.ExtentReportManager -
					Test SearchFlow skipped with exception: Could not start a new session. Response code 500. Message: An unknown server-side error occurred while processing the command. Original error: The application at 'Desktop/automation-framework/src/main/resources/apps/WikipediaSample.apk' does not exist or is not accessible 
Host info: host: 'Mohds-MacBook-Air.local', ip: '2405:201:6002:b121:254e:304:1e5c:af04%en0'
Build info: version: '4.26.0', revision: '8ccf0219d7'
System info: os.name: 'Mac OS X', os.arch: 'x86_64', os.version: '14.5', java.version: '17.0.13'
Driver info: io.appium.java_client.android.AndroidDriver
Command: [null, newSession {capabilities=[Capabilities {appium:app: Desktop/automation-framewor..., appium:automationName: UiAutomator2, appium:deviceName: emulator-5554, platformName: ANDROID}]}]
Capabilities {appium:app: Desktop/automation-framewor..., appium:automationName: UiAutomator2, appium:deviceName: emulator-5554, platformName: ANDROID}
2025-01-09 17:29:11 [TestNG-test-AppTest-1] DEBUG commonUtilities.ExtentReportManager -
					onTestSkipped called for: TestAppFlow
2025-01-09 17:29:11 [TestNG-test-AppTest-1] INFO  commonUtilities.ExtentReportManager -
					Test TestAppFlow skipped with exception: Could not start a new session. Response code 500. Message: An unknown server-side error occurred while processing the command. Original error: The application at 'Desktop/automation-framework/src/main/resources/apps/WikipediaSample.apk' does not exist or is not accessible 
Host info: host: 'Mohds-MacBook-Air.local', ip: '2405:201:6002:b121:254e:304:1e5c:af04%en0'
Build info: version: '4.26.0', revision: '8ccf0219d7'
System info: os.name: 'Mac OS X', os.arch: 'x86_64', os.version: '14.5', java.version: '17.0.13'
Driver info: io.appium.java_client.android.AndroidDriver
Command: [null, newSession {capabilities=[Capabilities {appium:app: Desktop/automation-framewor..., appium:automationName: UiAutomator2, appium:deviceName: emulator-5554, platformName: ANDROID}]}]
Capabilities {appium:app: Desktop/automation-framewor..., appium:automationName: UiAutomator2, appium:deviceName: emulator-5554, platformName: ANDROID}
2025-01-09 17:29:12 [main] DEBUG commonUtilities.ExtentReportManager -
					onFinish called for test suite: AppTest
2025-01-09 17:32:33 [main] DEBUG commonUtilities.ExtentReportManager -
					onStart called for test suite: WebTest
2025-01-09 17:32:34 [main] DEBUG commonUtilities.ExtentReportManager -
					ExtentReport setup completed for: Test-report2025_01_09.html
2025-01-09 17:34:00 [TestNG-test-WebTest-1] DEBUG base.BaseClass -
					Starting test setup...
2025-01-09 17:34:00 [TestNG-test-WebTest-1] DEBUG base.BaseClass -
					Platform: web, Browser: chrome
2025-01-09 17:34:00 [TestNG-test-WebTest-1] DEBUG base.BaseClass -
					Initializing WebDriver for web testing...
2025-01-09 17:35:50 [TestNG-test-WebTest-4] DEBUG base.BaseClass -
					Starting test setup...
2025-01-09 17:35:50 [TestNG-test-WebTest-4] DEBUG base.BaseClass -
					Platform: web, Browser: chrome
2025-01-09 17:35:50 [TestNG-test-WebTest-4] DEBUG base.BaseClass -
					Initializing WebDriver for web testing...
2025-01-09 17:35:54 [TestNG-test-WebTest-2] DEBUG base.BaseClass -
					Starting test setup...
2025-01-09 17:35:54 [TestNG-test-WebTest-2] DEBUG base.BaseClass -
					Platform: web, Browser: chrome
2025-01-09 17:35:54 [TestNG-test-WebTest-2] DEBUG base.BaseClass -
					Initializing WebDriver for web testing...
2025-01-09 17:35:56 [TestNG-test-WebTest-3] DEBUG base.BaseClass -
					Starting test setup...
2025-01-09 17:35:56 [TestNG-test-WebTest-3] DEBUG base.BaseClass -
					Platform: web, Browser: chrome
2025-01-09 17:35:56 [TestNG-test-WebTest-3] DEBUG base.BaseClass -
					Initializing WebDriver for web testing...
2025-01-09 17:36:35 [TestNG-test-WebTest-3] DEBUG commonUtilities.ExtentReportManager -
					onTestSuccess called for: VerifyAllItemsDisplayedTest
2025-01-09 17:36:35 [TestNG-test-WebTest-3] INFO  commonUtilities.ExtentReportManager -
					Test VerifyAllItemsDisplayedTest passed successfully.
2025-01-09 17:36:35 [TestNG-test-WebTest-3] INFO  base.BaseClass -
					Tearing down the driver...
2025-01-09 17:36:36 [TestNG-test-WebTest-3] INFO  base.BaseClass -
					Driver quit successfully.
2025-01-09 17:36:47 [TestNG-test-WebTest-4] DEBUG commonUtilities.ExtentReportManager -
					onTestSuccess called for: VerifyProductPopupAndReviewTest
2025-01-09 17:36:47 [TestNG-test-WebTest-4] INFO  commonUtilities.ExtentReportManager -
					Test VerifyProductPopupAndReviewTest passed successfully.
2025-01-09 17:36:47 [TestNG-test-WebTest-4] INFO  base.BaseClass -
					Tearing down the driver...
2025-01-09 17:36:47 [TestNG-test-WebTest-4] INFO  base.BaseClass -
					Driver quit successfully.
2025-01-09 17:36:55 [TestNG-test-WebTest-1] DEBUG commonUtilities.ExtentReportManager -
					onTestFailure called for: CompleteFlowTest
2025-01-09 17:36:55 [TestNG-test-WebTest-1] ERROR commonUtilities.ExtentReportManager -
					Test CompleteFlowTest failed with error: no such element: Unable to locate element: {"method":"xpath","selector":"//span[@class='fa-layers-counter fa-layers-top-right fa-3x warn-notification']"}
  (Session info: chrome=131.0.6778.205)
For documentation on this error, please visit: https://www.selenium.dev/documentation/webdriver/troubleshooting/errors#no-such-element-exception
Build info: version: '4.26.0', revision: '8ccf0219d7'
System info: os.name: 'Mac OS X', os.arch: 'x86_64', os.version: '14.5', java.version: '17.0.13'
Driver info: org.openqa.selenium.chrome.ChromeDriver
Command: [e6b575cd7158551ade05cc72109b288f, findElement {using=xpath, value=//span[@class='fa-layers-counter fa-layers-top-right fa-3x warn-notification']}]
Capabilities {acceptInsecureCerts: false, browserName: chrome, browserVersion: 131.0.6778.205, chrome: {chromedriverVersion: 131.0.6778.264 (2d05e315153..., userDataDir: /var/folders/rp/1t083lg12y3...}, fedcm:accounts: true, goog:chromeOptions: {debuggerAddress: localhost:52751}, networkConnectionEnabled: false, pageLoadStrategy: normal, platformName: mac, proxy: Proxy(), se:cdp: ws://localhost:52751/devtoo..., se:cdpVersion: 131.0.6778.205, setWindowRect: true, strictFileInteractability: false, timeouts: {implicit: 0, pageLoad: 300000, script: 30000}, unhandledPromptBehavior: dismiss and notify, webauthn:extension:credBlob: true, webauthn:extension:largeBlob: true, webauthn:extension:minPinLength: true, webauthn:extension:prf: true, webauthn:virtualAuthenticators: true}
Session ID: e6b575cd7158551ade05cc72109b288f
2025-01-09 17:36:55 [TestNG-test-WebTest-1] INFO  base.BaseClass -
					Tearing down the driver...
2025-01-09 17:36:55 [TestNG-test-WebTest-1] INFO  base.BaseClass -
					Driver quit successfully.
2025-01-09 17:37:30 [TestNG-test-WebTest-2] DEBUG commonUtilities.ExtentReportManager -
					onTestFailure called for: RegistrationFlowTest
2025-01-09 17:37:30 [TestNG-test-WebTest-2] ERROR commonUtilities.ExtentReportManager -
					Test RegistrationFlowTest failed with error: no such element: Unable to locate element: {"method":"xpath","selector":"//*[contains(text(),'Registration completed successfully. You can now log in.')]"}
  (Session info: chrome=131.0.6778.205)
For documentation on this error, please visit: https://www.selenium.dev/documentation/webdriver/troubleshooting/errors#no-such-element-exception
Build info: version: '4.26.0', revision: '8ccf0219d7'
System info: os.name: 'Mac OS X', os.arch: 'x86_64', os.version: '14.5', java.version: '17.0.13'
Driver info: org.openqa.selenium.chrome.ChromeDriver
Command: [88687b3105991b6f24c07dc76da852a0, findElement {using=xpath, value=//*[contains(text(),'Registration completed successfully. You can now log in.')]}]
Capabilities {acceptInsecureCerts: false, browserName: chrome, browserVersion: 131.0.6778.205, chrome: {chromedriverVersion: 131.0.6778.264 (2d05e315153..., userDataDir: /var/folders/rp/1t083lg12y3...}, fedcm:accounts: true, goog:chromeOptions: {debuggerAddress: localhost:52753}, networkConnectionEnabled: false, pageLoadStrategy: normal, platformName: mac, proxy: Proxy(), se:cdp: ws://localhost:52753/devtoo..., se:cdpVersion: 131.0.6778.205, setWindowRect: true, strictFileInteractability: false, timeouts: {implicit: 0, pageLoad: 300000, script: 30000}, unhandledPromptBehavior: dismiss and notify, webauthn:extension:credBlob: true, webauthn:extension:largeBlob: true, webauthn:extension:minPinLength: true, webauthn:extension:prf: true, webauthn:virtualAuthenticators: true}
Session ID: 88687b3105991b6f24c07dc76da852a0
2025-01-09 17:37:30 [TestNG-test-WebTest-2] INFO  base.BaseClass -
					Tearing down the driver...
2025-01-09 17:37:30 [TestNG-test-WebTest-2] INFO  base.BaseClass -
					Driver quit successfully.
2025-01-09 17:37:31 [main] DEBUG commonUtilities.ExtentReportManager -
					onFinish called for test suite: WebTest
2025-01-09 17:56:09 [main] DEBUG commonUtilities.ExtentReportManager -
					onStart called for test suite: AppTest
2025-01-09 17:56:10 [main] DEBUG commonUtilities.ExtentReportManager -
					ExtentReport setup completed for: Test-report2025_01_09.html
2025-01-09 17:56:11 [TestNG-test-AppTest-1] DEBUG commonUtilities.ExtentReportManager -
					onTestSkipped called for: ChangeSettingFlow
2025-01-09 17:56:11 [TestNG-test-AppTest-1] INFO  commonUtilities.ExtentReportManager -
					Test ChangeSettingFlow skipped with exception: Could not start a new session. Response code 500. Message: An unknown server-side error occurred while processing the command. Original error: The application at 'Desktop/automation-framework/src/main/resources/apps/WikipediaSample.apk' does not exist or is not accessible 
Host info: host: 'Mohds-MacBook-Air.local', ip: '2405:201:6002:b121:254e:304:1e5c:af04%en0'
Build info: version: '4.26.0', revision: '8ccf0219d7'
System info: os.name: 'Mac OS X', os.arch: 'x86_64', os.version: '14.5', java.version: '17.0.13'
Driver info: io.appium.java_client.android.AndroidDriver
Command: [null, newSession {capabilities=[Capabilities {appium:app: Desktop/automation-framewor..., appium:automationName: UiAutomator2, appium:deviceName: emulator-5554, platformName: ANDROID}]}]
Capabilities {appium:app: Desktop/automation-framewor..., appium:automationName: UiAutomator2, appium:deviceName: emulator-5554, platformName: ANDROID}
2025-01-09 17:56:11 [TestNG-test-AppTest-1] DEBUG commonUtilities.ExtentReportManager -
					onTestSkipped called for: SearchFlow
2025-01-09 17:56:11 [TestNG-test-AppTest-1] INFO  commonUtilities.ExtentReportManager -
					Test SearchFlow skipped with exception: Could not start a new session. Response code 500. Message: An unknown server-side error occurred while processing the command. Original error: The application at 'Desktop/automation-framework/src/main/resources/apps/WikipediaSample.apk' does not exist or is not accessible 
Host info: host: 'Mohds-MacBook-Air.local', ip: '2405:201:6002:b121:254e:304:1e5c:af04%en0'
Build info: version: '4.26.0', revision: '8ccf0219d7'
System info: os.name: 'Mac OS X', os.arch: 'x86_64', os.version: '14.5', java.version: '17.0.13'
Driver info: io.appium.java_client.android.AndroidDriver
Command: [null, newSession {capabilities=[Capabilities {appium:app: Desktop/automation-framewor..., appium:automationName: UiAutomator2, appium:deviceName: emulator-5554, platformName: ANDROID}]}]
Capabilities {appium:app: Desktop/automation-framewor..., appium:automationName: UiAutomator2, appium:deviceName: emulator-5554, platformName: ANDROID}
2025-01-09 17:56:12 [TestNG-test-AppTest-1] DEBUG commonUtilities.ExtentReportManager -
					onTestSkipped called for: TestAppFlow
2025-01-09 17:56:12 [TestNG-test-AppTest-1] INFO  commonUtilities.ExtentReportManager -
					Test TestAppFlow skipped with exception: Could not start a new session. Response code 500. Message: An unknown server-side error occurred while processing the command. Original error: The application at 'Desktop/automation-framework/src/main/resources/apps/WikipediaSample.apk' does not exist or is not accessible 
Host info: host: 'Mohds-MacBook-Air.local', ip: '2405:201:6002:b121:254e:304:1e5c:af04%en0'
Build info: version: '4.26.0', revision: '8ccf0219d7'
System info: os.name: 'Mac OS X', os.arch: 'x86_64', os.version: '14.5', java.version: '17.0.13'
Driver info: io.appium.java_client.android.AndroidDriver
Command: [null, newSession {capabilities=[Capabilities {appium:app: Desktop/automation-framewor..., appium:automationName: UiAutomator2, appium:deviceName: emulator-5554, platformName: ANDROID}]}]
Capabilities {appium:app: Desktop/automation-framewor..., appium:automationName: UiAutomator2, appium:deviceName: emulator-5554, platformName: ANDROID}
2025-01-09 17:56:12 [main] DEBUG commonUtilities.ExtentReportManager -
					onFinish called for test suite: AppTest
2025-01-09 18:07:25 [main] DEBUG commonUtilities.ExtentReportManager -
					onStart called for test suite: AppTest
2025-01-09 18:07:25 [main] DEBUG commonUtilities.ExtentReportManager -
					ExtentReport setup completed for: Test-report2025_01_09.html
2025-01-09 18:07:27 [TestNG-test-AppTest-1] DEBUG commonUtilities.ExtentReportManager -
					onTestSkipped called for: ChangeSettingFlow
2025-01-09 18:07:27 [TestNG-test-AppTest-1] INFO  commonUtilities.ExtentReportManager -
					Test ChangeSettingFlow skipped with exception: Could not start a new session. Response code 500. Message: An unknown server-side error occurred while processing the command. Original error: The application at 'src/main/resources/apps/WikipediaSample.apk' does not exist or is not accessible 
Host info: host: 'Mohds-MacBook-Air.local', ip: '2405:201:6002:b121:254e:304:1e5c:af04%en0'
Build info: version: '4.26.0', revision: '8ccf0219d7'
System info: os.name: 'Mac OS X', os.arch: 'x86_64', os.version: '14.5', java.version: '17.0.13'
Driver info: io.appium.java_client.android.AndroidDriver
Command: [null, newSession {capabilities=[Capabilities {appium:app: src/main/resources/apps/Wik..., appium:automationName: UiAutomator2, appium:deviceName: emulator-5554, platformName: ANDROID}]}]
Capabilities {appium:app: src/main/resources/apps/Wik..., appium:automationName: UiAutomator2, appium:deviceName: emulator-5554, platformName: ANDROID}
2025-01-09 18:07:27 [TestNG-test-AppTest-1] DEBUG commonUtilities.ExtentReportManager -
					onTestSkipped called for: SearchFlow
2025-01-09 18:07:27 [TestNG-test-AppTest-1] INFO  commonUtilities.ExtentReportManager -
					Test SearchFlow skipped with exception: Could not start a new session. Response code 500. Message: An unknown server-side error occurred while processing the command. Original error: The application at 'src/main/resources/apps/WikipediaSample.apk' does not exist or is not accessible 
Host info: host: 'Mohds-MacBook-Air.local', ip: '2405:201:6002:b121:254e:304:1e5c:af04%en0'
Build info: version: '4.26.0', revision: '8ccf0219d7'
System info: os.name: 'Mac OS X', os.arch: 'x86_64', os.version: '14.5', java.version: '17.0.13'
Driver info: io.appium.java_client.android.AndroidDriver
Command: [null, newSession {capabilities=[Capabilities {appium:app: src/main/resources/apps/Wik..., appium:automationName: UiAutomator2, appium:deviceName: emulator-5554, platformName: ANDROID}]}]
Capabilities {appium:app: src/main/resources/apps/Wik..., appium:automationName: UiAutomator2, appium:deviceName: emulator-5554, platformName: ANDROID}
2025-01-09 18:07:27 [TestNG-test-AppTest-1] DEBUG commonUtilities.ExtentReportManager -
					onTestSkipped called for: TestAppFlow
2025-01-09 18:07:27 [TestNG-test-AppTest-1] INFO  commonUtilities.ExtentReportManager -
					Test TestAppFlow skipped with exception: Could not start a new session. Response code 500. Message: An unknown server-side error occurred while processing the command. Original error: The application at 'src/main/resources/apps/WikipediaSample.apk' does not exist or is not accessible 
Host info: host: 'Mohds-MacBook-Air.local', ip: '2405:201:6002:b121:254e:304:1e5c:af04%en0'
Build info: version: '4.26.0', revision: '8ccf0219d7'
System info: os.name: 'Mac OS X', os.arch: 'x86_64', os.version: '14.5', java.version: '17.0.13'
Driver info: io.appium.java_client.android.AndroidDriver
Command: [null, newSession {capabilities=[Capabilities {appium:app: src/main/resources/apps/Wik..., appium:automationName: UiAutomator2, appium:deviceName: emulator-5554, platformName: ANDROID}]}]
Capabilities {appium:app: src/main/resources/apps/Wik..., appium:automationName: UiAutomator2, appium:deviceName: emulator-5554, platformName: ANDROID}
2025-01-09 18:07:28 [main] DEBUG commonUtilities.ExtentReportManager -
					onFinish called for test suite: AppTest
2025-01-09 18:14:08 [main] DEBUG commonUtilities.ExtentReportManager -
					onStart called for test suite: AppTest
2025-01-09 18:14:08 [main] DEBUG commonUtilities.ExtentReportManager -
					ExtentReport setup completed for: Test-report2025_01_09.html
2025-01-09 18:14:09 [TestNG-test-AppTest-1] DEBUG commonUtilities.ExtentReportManager -
					onTestSkipped called for: ChangeSettingFlow
2025-01-09 18:14:10 [TestNG-test-AppTest-1] INFO  commonUtilities.ExtentReportManager -
					Test ChangeSettingFlow skipped with exception: Could not start a new session. Response code 500. Message: An unknown server-side error occurred while processing the command. Original error: The application at 'src/main/resources/apps/WikipediaSample.apk' does not exist or is not accessible 
Host info: host: 'Mohds-MacBook-Air.local', ip: '2405:201:6002:b121:254e:304:1e5c:af04%en0'
Build info: version: '4.26.0', revision: '8ccf0219d7'
System info: os.name: 'Mac OS X', os.arch: 'x86_64', os.version: '14.5', java.version: '17.0.13'
Driver info: io.appium.java_client.android.AndroidDriver
Command: [null, newSession {capabilities=[Capabilities {appium:app: src/main/resources/apps/Wik..., appium:automationName: UiAutomator2, appium:deviceName: emulator-5554, platformName: ANDROID}]}]
Capabilities {appium:app: src/main/resources/apps/Wik..., appium:automationName: UiAutomator2, appium:deviceName: emulator-5554, platformName: ANDROID}
2025-01-09 18:14:10 [TestNG-test-AppTest-1] DEBUG commonUtilities.ExtentReportManager -
					onTestSkipped called for: SearchFlow
2025-01-09 18:14:10 [TestNG-test-AppTest-1] INFO  commonUtilities.ExtentReportManager -
					Test SearchFlow skipped with exception: Could not start a new session. Response code 500. Message: An unknown server-side error occurred while processing the command. Original error: The application at 'src/main/resources/apps/WikipediaSample.apk' does not exist or is not accessible 
Host info: host: 'Mohds-MacBook-Air.local', ip: '2405:201:6002:b121:254e:304:1e5c:af04%en0'
Build info: version: '4.26.0', revision: '8ccf0219d7'
System info: os.name: 'Mac OS X', os.arch: 'x86_64', os.version: '14.5', java.version: '17.0.13'
Driver info: io.appium.java_client.android.AndroidDriver
Command: [null, newSession {capabilities=[Capabilities {appium:app: src/main/resources/apps/Wik..., appium:automationName: UiAutomator2, appium:deviceName: emulator-5554, platformName: ANDROID}]}]
Capabilities {appium:app: src/main/resources/apps/Wik..., appium:automationName: UiAutomator2, appium:deviceName: emulator-5554, platformName: ANDROID}
2025-01-09 18:14:10 [TestNG-test-AppTest-1] DEBUG commonUtilities.ExtentReportManager -
					onTestSkipped called for: TestAppFlow
2025-01-09 18:14:10 [TestNG-test-AppTest-1] INFO  commonUtilities.ExtentReportManager -
					Test TestAppFlow skipped with exception: Could not start a new session. Response code 500. Message: An unknown server-side error occurred while processing the command. Original error: The application at 'src/main/resources/apps/WikipediaSample.apk' does not exist or is not accessible 
Host info: host: 'Mohds-MacBook-Air.local', ip: '2405:201:6002:b121:254e:304:1e5c:af04%en0'
Build info: version: '4.26.0', revision: '8ccf0219d7'
System info: os.name: 'Mac OS X', os.arch: 'x86_64', os.version: '14.5', java.version: '17.0.13'
Driver info: io.appium.java_client.android.AndroidDriver
Command: [null, newSession {capabilities=[Capabilities {appium:app: src/main/resources/apps/Wik..., appium:automationName: UiAutomator2, appium:deviceName: emulator-5554, platformName: ANDROID}]}]
Capabilities {appium:app: src/main/resources/apps/Wik..., appium:automationName: UiAutomator2, appium:deviceName: emulator-5554, platformName: ANDROID}
2025-01-09 18:14:11 [main] DEBUG commonUtilities.ExtentReportManager -
					onFinish called for test suite: AppTest
2025-01-09 18:18:14 [main] DEBUG commonUtilities.ExtentReportManager -
					onStart called for test suite: AppTest
2025-01-09 18:18:14 [main] DEBUG commonUtilities.ExtentReportManager -
					ExtentReport setup completed for: Test-report2025_01_09.html
2025-01-09 18:19:14 [main] DEBUG commonUtilities.ExtentReportManager -
					onStart called for test suite: AppTest
2025-01-09 18:19:14 [main] DEBUG commonUtilities.ExtentReportManager -
					ExtentReport setup completed for: Test-report2025_01_09.html
2025-01-09 18:24:01 [main] DEBUG commonUtilities.ExtentReportManager -
					onStart called for test suite: AppTest
2025-01-09 18:24:02 [main] DEBUG commonUtilities.ExtentReportManager -
					ExtentReport setup completed for: Test-report2025_01_09.html
2025-01-09 18:24:34 [TestNG-test-AppTest-1] DEBUG commonUtilities.ExtentReportManager -
					onTestSkipped called for: ChangeSettingFlow
2025-01-09 18:24:34 [TestNG-test-AppTest-1] INFO  commonUtilities.ExtentReportManager -
					Test ChangeSettingFlow skipped with exception: Could not start a new session. Response code 500. Message: An unknown server-side error occurred while processing the command. Original error: Cannot start the 'org.wikipedia.alpha' application. Consider checking the driver's troubleshooting documentation. Original error: 'org.wikipedia.main.MainActivity' or 'org.wikipedia.alpha.org.wikipedia.main.MainActivity' never started. Consider checking the driver's troubleshooting documentation. 
Host info: host: 'Mohds-MacBook-Air.local', ip: '2405:201:6002:b121:254e:304:1e5c:af04%en0'
Build info: version: '4.26.0', revision: '8ccf0219d7'
System info: os.name: 'Mac OS X', os.arch: 'x86_64', os.version: '14.5', java.version: '17.0.13'
Driver info: io.appium.java_client.android.AndroidDriver
Command: [null, newSession {capabilities=[Capabilities {appium:app: /Users/mohdosama/Project/au..., appium:automationName: UiAutomator2, appium:deviceName: emulator-5554, platformName: ANDROID}]}]
Capabilities {appium:app: /Users/mohdosama/Project/au..., appium:automationName: UiAutomator2, appium:deviceName: emulator-5554, platformName: ANDROID}
2025-01-09 18:24:59 [TestNG-test-AppTest-1] DEBUG commonUtilities.ExtentReportManager -
					onTestSkipped called for: SearchFlow
2025-01-09 18:24:59 [TestNG-test-AppTest-1] INFO  commonUtilities.ExtentReportManager -
					Test SearchFlow skipped with exception: Could not start a new session. Response code 500. Message: An unknown server-side error occurred while processing the command. Original error: Cannot start the 'org.wikipedia.alpha' application. Consider checking the driver's troubleshooting documentation. Original error: 'org.wikipedia.main.MainActivity' or 'org.wikipedia.alpha.org.wikipedia.main.MainActivity' never started. Consider checking the driver's troubleshooting documentation. 
Host info: host: 'Mohds-MacBook-Air.local', ip: '2405:201:6002:b121:254e:304:1e5c:af04%en0'
Build info: version: '4.26.0', revision: '8ccf0219d7'
System info: os.name: 'Mac OS X', os.arch: 'x86_64', os.version: '14.5', java.version: '17.0.13'
Driver info: io.appium.java_client.android.AndroidDriver
Command: [null, newSession {capabilities=[Capabilities {appium:app: /Users/mohdosama/Project/au..., appium:automationName: UiAutomator2, appium:deviceName: emulator-5554, platformName: ANDROID}]}]
Capabilities {appium:app: /Users/mohdosama/Project/au..., appium:automationName: UiAutomator2, appium:deviceName: emulator-5554, platformName: ANDROID}
2025-01-09 18:25:27 [TestNG-test-AppTest-1] DEBUG commonUtilities.ExtentReportManager -
					onTestSkipped called for: TestAppFlow
2025-01-09 18:25:27 [TestNG-test-AppTest-1] INFO  commonUtilities.ExtentReportManager -
					Test TestAppFlow skipped with exception: Could not start a new session. Response code 500. Message: An unknown server-side error occurred while processing the command. Original error: Cannot start the 'org.wikipedia.alpha' application. Consider checking the driver's troubleshooting documentation. Original error: 'org.wikipedia.main.MainActivity' or 'org.wikipedia.alpha.org.wikipedia.main.MainActivity' never started. Consider checking the driver's troubleshooting documentation. 
Host info: host: 'Mohds-MacBook-Air.local', ip: '2405:201:6002:b121:254e:304:1e5c:af04%en0'
Build info: version: '4.26.0', revision: '8ccf0219d7'
System info: os.name: 'Mac OS X', os.arch: 'x86_64', os.version: '14.5', java.version: '17.0.13'
Driver info: io.appium.java_client.android.AndroidDriver
Command: [null, newSession {capabilities=[Capabilities {appium:app: /Users/mohdosama/Project/au..., appium:automationName: UiAutomator2, appium:deviceName: emulator-5554, platformName: ANDROID}]}]
Capabilities {appium:app: /Users/mohdosama/Project/au..., appium:automationName: UiAutomator2, appium:deviceName: emulator-5554, platformName: ANDROID}
2025-01-09 18:25:28 [main] DEBUG commonUtilities.ExtentReportManager -
					onFinish called for test suite: AppTest
2025-01-09 18:35:22 [main] DEBUG commonUtilities.ExtentReportManager -
					onStart called for test suite: AppTest
2025-01-09 18:35:22 [main] DEBUG commonUtilities.ExtentReportManager -
					ExtentReport setup completed for: Test-report2025_01_09.html
2025-01-09 18:35:49 [TestNG-test-AppTest-1] DEBUG commonUtilities.ExtentReportManager -
					onTestSkipped called for: ChangeSettingFlow
2025-01-09 18:35:49 [TestNG-test-AppTest-1] INFO  commonUtilities.ExtentReportManager -
					Test ChangeSettingFlow skipped with exception: Could not start a new session. Response code 500. Message: An unknown server-side error occurred while processing the command. Original error: Cannot start the 'org.wikipedia.alpha' application. Consider checking the driver's troubleshooting documentation. Original error: 'org.wikipedia.main.MainActivity' or 'org.wikipedia.alpha.org.wikipedia.main.MainActivity' never started. Consider checking the driver's troubleshooting documentation. 
Host info: host: 'Mohds-MacBook-Air.local', ip: '2405:201:6002:b121:254e:304:1e5c:af04%en0'
Build info: version: '4.26.0', revision: '8ccf0219d7'
System info: os.name: 'Mac OS X', os.arch: 'x86_64', os.version: '14.5', java.version: '17.0.13'
Driver info: io.appium.java_client.android.AndroidDriver
Command: [null, newSession {capabilities=[Capabilities {appium:app: /Users/mohdosama/Project/au..., appium:automationName: UiAutomator2, appium:deviceName: emulator-5554, platformName: ANDROID}]}]
Capabilities {appium:app: /Users/mohdosama/Project/au..., appium:automationName: UiAutomator2, appium:deviceName: emulator-5554, platformName: ANDROID}
2025-01-09 18:36:16 [TestNG-test-AppTest-1] DEBUG commonUtilities.ExtentReportManager -
					onTestSkipped called for: SearchFlow
2025-01-09 18:36:16 [TestNG-test-AppTest-1] INFO  commonUtilities.ExtentReportManager -
					Test SearchFlow skipped with exception: Could not start a new session. Response code 500. Message: An unknown server-side error occurred while processing the command. Original error: Cannot start the 'org.wikipedia.alpha' application. Consider checking the driver's troubleshooting documentation. Original error: 'org.wikipedia.main.MainActivity' or 'org.wikipedia.alpha.org.wikipedia.main.MainActivity' never started. Consider checking the driver's troubleshooting documentation. 
Host info: host: 'Mohds-MacBook-Air.local', ip: '2405:201:6002:b121:254e:304:1e5c:af04%en0'
Build info: version: '4.26.0', revision: '8ccf0219d7'
System info: os.name: 'Mac OS X', os.arch: 'x86_64', os.version: '14.5', java.version: '17.0.13'
Driver info: io.appium.java_client.android.AndroidDriver
Command: [null, newSession {capabilities=[Capabilities {appium:app: /Users/mohdosama/Project/au..., appium:automationName: UiAutomator2, appium:deviceName: emulator-5554, platformName: ANDROID}]}]
Capabilities {appium:app: /Users/mohdosama/Project/au..., appium:automationName: UiAutomator2, appium:deviceName: emulator-5554, platformName: ANDROID}
2025-01-09 18:36:44 [TestNG-test-AppTest-1] DEBUG commonUtilities.ExtentReportManager -
					onTestSkipped called for: TestAppFlow
2025-01-09 18:36:44 [TestNG-test-AppTest-1] INFO  commonUtilities.ExtentReportManager -
					Test TestAppFlow skipped with exception: Could not start a new session. Response code 500. Message: An unknown server-side error occurred while processing the command. Original error: Cannot start the 'org.wikipedia.alpha' application. Consider checking the driver's troubleshooting documentation. Original error: 'org.wikipedia.main.MainActivity' or 'org.wikipedia.alpha.org.wikipedia.main.MainActivity' never started. Consider checking the driver's troubleshooting documentation. 
Host info: host: 'Mohds-MacBook-Air.local', ip: '2405:201:6002:b121:254e:304:1e5c:af04%en0'
Build info: version: '4.26.0', revision: '8ccf0219d7'
System info: os.name: 'Mac OS X', os.arch: 'x86_64', os.version: '14.5', java.version: '17.0.13'
Driver info: io.appium.java_client.android.AndroidDriver
Command: [null, newSession {capabilities=[Capabilities {appium:app: /Users/mohdosama/Project/au..., appium:automationName: UiAutomator2, appium:deviceName: emulator-5554, platformName: ANDROID}]}]
Capabilities {appium:app: /Users/mohdosama/Project/au..., appium:automationName: UiAutomator2, appium:deviceName: emulator-5554, platformName: ANDROID}
2025-01-09 18:36:46 [main] DEBUG commonUtilities.ExtentReportManager -
					onFinish called for test suite: AppTest
2025-01-09 18:40:30 [main] DEBUG commonUtilities.ExtentReportManager -
					onStart called for test suite: AppTest
2025-01-09 18:40:30 [main] DEBUG commonUtilities.ExtentReportManager -
					ExtentReport setup completed for: Test-report2025_01_09.html
2025-01-09 18:40:37 [TestNG-test-AppTest-1] DEBUG base.BaseClass -
					Starting test setup...
2025-01-09 18:40:37 [TestNG-test-AppTest-1] DEBUG base.BaseClass -
					Platform: android, Browser: chrome
2025-01-09 18:40:37 [TestNG-test-AppTest-1] DEBUG base.BaseClass -
					Initializing AppiumDriver for mobile testing...
2025-01-09 18:40:53 [TestNG-test-AppTest-1] DEBUG commonUtilities.ExtentReportManager -
					onTestSuccess called for: ChangeSettingFlow
2025-01-09 18:40:53 [TestNG-test-AppTest-1] INFO  commonUtilities.ExtentReportManager -
					Test ChangeSettingFlow passed successfully.
2025-01-09 18:40:53 [TestNG-test-AppTest-1] INFO  base.BaseClass -
					Tearing down the driver...
2025-01-09 18:40:53 [TestNG-test-AppTest-1] INFO  base.BaseClass -
					Driver quit successfully.
2025-01-09 18:41:01 [TestNG-test-AppTest-1] DEBUG base.BaseClass -
					Starting test setup...
2025-01-09 18:41:01 [TestNG-test-AppTest-1] DEBUG base.BaseClass -
					Platform: android, Browser: chrome
2025-01-09 18:41:01 [TestNG-test-AppTest-1] DEBUG base.BaseClass -
					Initializing AppiumDriver for mobile testing...
2025-01-09 18:41:44 [TestNG-test-AppTest-1] DEBUG commonUtilities.ExtentReportManager -
					onTestFailure called for: SearchFlow
2025-01-09 18:41:44 [TestNG-test-AppTest-1] ERROR commonUtilities.ExtentReportManager -
					Test SearchFlow failed with error: An element could not be located on the page using the given search parameters.
For documentation on this error, please visit: https://www.selenium.dev/documentation/webdriver/troubleshooting/errors#no-such-element-exception
Build info: version: '4.26.0', revision: '8ccf0219d7'
System info: os.name: 'Mac OS X', os.arch: 'x86_64', os.version: '14.5', java.version: '17.0.13'
Driver info: io.appium.java_client.android.AndroidDriver
Command: [7150be4f-9904-4d8e-8c83-f0d0d30629f5, findElement {using=xpath, value=//android.widget.ImageButton[@content-desc="Navigate up"]}]
Capabilities {appium:app: /Users/mohdosama/Project/au..., appium:appPackage: org.wikipedia.alpha, appium:autoGrantPermissions: true, appium:automationName: UiAutomator2, appium:databaseEnabled: false, appium:desired: {app: /Users/mohdosama/Project/au..., autoGrantPermissions: true, automationName: UiAutomator2, deviceName: emulator-5554, platformName: ANDROID}, appium:deviceApiLevel: 34, appium:deviceManufacturer: Google, appium:deviceModel: sdk_gphone64_arm64, appium:deviceName: emulator-5554, appium:deviceScreenDensity: 440, appium:deviceScreenSize: 1080x2340, appium:deviceUDID: emulator-5554, appium:javascriptEnabled: true, appium:locationContextEnabled: false, appium:networkConnectionEnabled: true, appium:pixelRatio: 2.75, appium:platformVersion: 14, appium:statBarHeight: 136, appium:takesScreenshot: true, appium:viewportRect: {height: 2204, left: 0, top: 136, width: 1080}, appium:warnings: {}, appium:webStorageEnabled: false, platformName: ANDROID}
Session ID: 7150be4f-9904-4d8e-8c83-f0d0d30629f5
2025-01-09 18:41:44 [TestNG-test-AppTest-1] INFO  base.BaseClass -
					Tearing down the driver...
2025-01-09 18:41:44 [TestNG-test-AppTest-1] INFO  base.BaseClass -
					Driver quit successfully.
2025-01-09 18:41:50 [TestNG-test-AppTest-1] DEBUG base.BaseClass -
					Starting test setup...
2025-01-09 18:41:50 [TestNG-test-AppTest-1] DEBUG base.BaseClass -
					Platform: android, Browser: chrome
2025-01-09 18:41:50 [TestNG-test-AppTest-1] DEBUG base.BaseClass -
					Initializing AppiumDriver for mobile testing...
2025-01-09 18:42:04 [TestNG-test-AppTest-1] DEBUG commonUtilities.ExtentReportManager -
					onTestSuccess called for: TestAppFlow
2025-01-09 18:42:04 [TestNG-test-AppTest-1] INFO  commonUtilities.ExtentReportManager -
					Test TestAppFlow passed successfully.
2025-01-09 18:42:04 [TestNG-test-AppTest-1] INFO  base.BaseClass -
					Tearing down the driver...
2025-01-09 18:42:04 [TestNG-test-AppTest-1] INFO  base.BaseClass -
					Driver quit successfully.
2025-01-09 18:42:06 [main] DEBUG commonUtilities.ExtentReportManager -
					onFinish called for test suite: AppTest
